{"/home/steve/projects/MementoNative/App.js": {"path":"/home/steve/projects/MementoNative/App.js","statementMap":{"0":{"start":{"line":15,"column":0},"end":{"line":15,"column":26}},"1":{"start":{"line":18,"column":44},"end":{"line":18,"column":68}},"2":{"start":{"line":20,"column":30},"end":{"line":20,"column":52}},"3":{"start":{"line":21,"column":19},"end":{"line":21,"column":41}},"4":{"start":{"line":22,"column":34},"end":{"line":45,"column":3}},"5":{"start":{"line":23,"column":4},"end":{"line":44,"column":6}},"6":{"start":{"line":27,"column":12},"end":{"line":30,"column":14}},"7":{"start":{"line":35,"column":12},"end":{"line":35,"column":79}},"8":{"start":{"line":46,"column":23},"end":{"line":66,"column":3}},"9":{"start":{"line":47,"column":4},"end":{"line":65,"column":6}},"10":{"start":{"line":51,"column":12},"end":{"line":51,"column":77}},"11":{"start":{"line":56,"column":12},"end":{"line":56,"column":87}},"12":{"start":{"line":61,"column":12},"end":{"line":61,"column":86}},"13":{"start":{"line":67,"column":23},"end":{"line":73,"column":3}},"14":{"start":{"line":68,"column":4},"end":{"line":72,"column":6}},"15":{"start":{"line":75,"column":2},"end":{"line":77,"column":9}},"16":{"start":{"line":76,"column":4},"end":{"line":76,"column":21}},"17":{"start":{"line":80,"column":4},"end":{"line":87,"column":5}},"18":{"start":{"line":81,"column":6},"end":{"line":81,"column":44}},"19":{"start":{"line":82,"column":6},"end":{"line":82,"column":40}},"20":{"start":{"line":83,"column":6},"end":{"line":83,"column":34}},"21":{"start":{"line":85,"column":6},"end":{"line":85,"column":44}},"22":{"start":{"line":86,"column":6},"end":{"line":86,"column":35}},"23":{"start":{"line":90,"column":4},"end":{"line":90,"column":36}},"24":{"start":{"line":92,"column":2},"end":{"line":104,"column":4}}},"fnMap":{"0":{"name":"App","decl":{"start":{"line":17,"column":9},"end":{"line":17,"column":12}},"loc":{"start":{"line":17,"column":15},"end":{"line":105,"column":1}},"line":17},"1":{"name":"(anonymous_1)","decl":{"start":{"line":22,"column":34},"end":{"line":22,"column":35}},"loc":{"start":{"line":22,"column":45},"end":{"line":45,"column":3}},"line":22},"2":{"name":"(anonymous_2)","decl":{"start":{"line":26,"column":11},"end":{"line":26,"column":12}},"loc":{"start":{"line":27,"column":12},"end":{"line":30,"column":14}},"line":27},"3":{"name":"(anonymous_3)","decl":{"start":{"line":34,"column":11},"end":{"line":34,"column":12}},"loc":{"start":{"line":35,"column":12},"end":{"line":35,"column":79}},"line":35},"4":{"name":"(anonymous_4)","decl":{"start":{"line":46,"column":23},"end":{"line":46,"column":24}},"loc":{"start":{"line":46,"column":34},"end":{"line":66,"column":3}},"line":46},"5":{"name":"(anonymous_5)","decl":{"start":{"line":50,"column":11},"end":{"line":50,"column":12}},"loc":{"start":{"line":51,"column":12},"end":{"line":51,"column":77}},"line":51},"6":{"name":"(anonymous_6)","decl":{"start":{"line":55,"column":11},"end":{"line":55,"column":12}},"loc":{"start":{"line":56,"column":12},"end":{"line":56,"column":87}},"line":56},"7":{"name":"(anonymous_7)","decl":{"start":{"line":60,"column":11},"end":{"line":60,"column":12}},"loc":{"start":{"line":61,"column":12},"end":{"line":61,"column":86}},"line":61},"8":{"name":"(anonymous_8)","decl":{"start":{"line":67,"column":23},"end":{"line":67,"column":24}},"loc":{"start":{"line":67,"column":29},"end":{"line":73,"column":3}},"line":67},"9":{"name":"(anonymous_9)","decl":{"start":{"line":75,"column":12},"end":{"line":75,"column":13}},"loc":{"start":{"line":75,"column":18},"end":{"line":77,"column":3}},"line":75},"10":{"name":"checkAuthState","decl":{"start":{"line":79,"column":17},"end":{"line":79,"column":31}},"loc":{"start":{"line":79,"column":34},"end":{"line":88,"column":3}},"line":79},"11":{"name":"updateAuthState","decl":{"start":{"line":89,"column":11},"end":{"line":89,"column":26}},"loc":{"start":{"line":89,"column":43},"end":{"line":91,"column":3}},"line":89}},"branchMap":{"0":{"loc":{"start":{"line":94,"column":7},"end":{"line":94,"column":58}},"type":"binary-expr","locations":[{"start":{"line":94,"column":7},"end":{"line":94,"column":40}},{"start":{"line":94,"column":44},"end":{"line":94,"column":58}}],"line":94},"1":{"loc":{"start":{"line":95,"column":7},"end":{"line":97,"column":7}},"type":"binary-expr","locations":[{"start":{"line":95,"column":7},"end":{"line":95,"column":36}},{"start":{"line":96,"column":8},"end":{"line":96,"column":58}}],"line":95},"2":{"loc":{"start":{"line":98,"column":7},"end":{"line":102,"column":7}},"type":"binary-expr","locations":[{"start":{"line":98,"column":7},"end":{"line":98,"column":37}},{"start":{"line":99,"column":8},"end":{"line":101,"column":11}}],"line":98}},"s":{"0":1,"1":1,"2":1,"3":1,"4":1,"5":0,"6":0,"7":0,"8":1,"9":0,"10":0,"11":0,"12":0,"13":1,"14":0,"15":1,"16":0,"17":0,"18":0,"19":0,"20":0,"21":0,"22":0,"23":0,"24":1},"f":{"0":1,"1":0,"2":0,"3":0,"4":0,"5":0,"6":0,"7":0,"8":0,"9":0,"10":0,"11":0},"b":{"0":[1,1],"1":[1,0],"2":[1,0]},"_coverageSchema":"1a1c01bbd47fc00a2c39e90264f33305004495a9","hash":"5a545c754cde8886e59c86a72a7f263c878f1a8b"}
,"/home/steve/projects/MementoNative/aws-exports.js": {"path":"/home/steve/projects/MementoNative/aws-exports.js","statementMap":{"0":{"start":{"line":4,"column":18},"end":{"line":30,"column":1}}},"fnMap":{},"branchMap":{},"s":{"0":1},"f":{},"b":{},"_coverageSchema":"1a1c01bbd47fc00a2c39e90264f33305004495a9","hash":"85cb0b996b9e9bc18d4c5845043c3eb57693d87e"}
,"/home/steve/projects/MementoNative/assets/mementoLogo.png": {"path":"/home/steve/projects/MementoNative/assets/mementoLogo.png","statementMap":{"0":{"start":{"line":1,"column":0},"end":{"line":1,"column":19}}},"fnMap":{},"branchMap":{},"s":{"0":2},"f":{},"b":{},"inputSourceMap":null,"_coverageSchema":"1a1c01bbd47fc00a2c39e90264f33305004495a9","hash":"ae5958fac05e97a2e4725e25c8bcc08fa745b310"}
,"/home/steve/projects/MementoNative/assets/onboarding1.jpg": {"path":"/home/steve/projects/MementoNative/assets/onboarding1.jpg","statementMap":{"0":{"start":{"line":1,"column":0},"end":{"line":1,"column":19}}},"fnMap":{},"branchMap":{},"s":{"0":1},"f":{},"b":{},"inputSourceMap":null,"_coverageSchema":"1a1c01bbd47fc00a2c39e90264f33305004495a9","hash":"2c6905df20ee042107ba0b3b0e0994d588e44113"}
,"/home/steve/projects/MementoNative/assets/onboarding2.jpg": {"path":"/home/steve/projects/MementoNative/assets/onboarding2.jpg","statementMap":{"0":{"start":{"line":1,"column":0},"end":{"line":1,"column":19}}},"fnMap":{},"branchMap":{},"s":{"0":1},"f":{},"b":{},"inputSourceMap":null,"_coverageSchema":"1a1c01bbd47fc00a2c39e90264f33305004495a9","hash":"36dffc3f7062d385f509b2bfa40766c76fae6501"}
,"/home/steve/projects/MementoNative/assets/onboarding3.jpg": {"path":"/home/steve/projects/MementoNative/assets/onboarding3.jpg","statementMap":{"0":{"start":{"line":1,"column":0},"end":{"line":1,"column":19}}},"fnMap":{},"branchMap":{},"s":{"0":1},"f":{},"b":{},"inputSourceMap":null,"_coverageSchema":"1a1c01bbd47fc00a2c39e90264f33305004495a9","hash":"4131f4855fd741a23ee86b10e7de09afb9b73ffb"}
,"/home/steve/projects/MementoNative/assets/onboarding4.jpg": {"path":"/home/steve/projects/MementoNative/assets/onboarding4.jpg","statementMap":{"0":{"start":{"line":1,"column":0},"end":{"line":1,"column":19}}},"fnMap":{},"branchMap":{},"s":{"0":1},"f":{},"b":{},"inputSourceMap":null,"_coverageSchema":"1a1c01bbd47fc00a2c39e90264f33305004495a9","hash":"8e118dbd57ccd970865ae11ea9f80587e4783d25"}
,"/home/steve/projects/MementoNative/graphql/mutations.js": {"path":"/home/steve/projects/MementoNative/graphql/mutations.js","statementMap":{"0":{"start":{"line":4,"column":52},"end":{"line":21,"column":1}},"1":{"start":{"line":22,"column":52},"end":{"line":39,"column":1}},"2":{"start":{"line":40,"column":52},"end":{"line":57,"column":1}},"3":{"start":{"line":58,"column":48},"end":{"line":78,"column":1}},"4":{"start":{"line":79,"column":48},"end":{"line":99,"column":1}},"5":{"start":{"line":100,"column":48},"end":{"line":120,"column":1}}},"fnMap":{},"branchMap":{},"s":{"0":1,"1":1,"2":1,"3":1,"4":1,"5":1},"f":{},"b":{},"_coverageSchema":"1a1c01bbd47fc00a2c39e90264f33305004495a9","hash":"fb979d4f46988caa7b573e1dc0d520a9460a262d"}
,"/home/steve/projects/MementoNative/models/index.js": {"path":"/home/steve/projects/MementoNative/models/index.js","statementMap":{"0":{"start":{"line":7,"column":43},"end":{"line":7,"column":61}}},"fnMap":{},"branchMap":{},"s":{"0":2},"f":{},"b":{},"_coverageSchema":"1a1c01bbd47fc00a2c39e90264f33305004495a9","hash":"d81d07e14c89b78d9e33ba241f5f29152b9c2ef8"}
,"/home/steve/projects/MementoNative/models/schema.js": {"path":"/home/steve/projects/MementoNative/models/schema.js","statementMap":{"0":{"start":{"line":1,"column":22},"end":{"line":144,"column":1}}},"fnMap":{},"branchMap":{},"s":{"0":2},"f":{},"b":{},"_coverageSchema":"1a1c01bbd47fc00a2c39e90264f33305004495a9","hash":"619596c8156d9ef8da82e8160130117cd5f613f4"}
,"/home/steve/projects/MementoNative/src/components/AppButton.js": {"path":"/home/steve/projects/MementoNative/src/components/AppButton.js","statementMap":{"0":{"start":{"line":5,"column":2},"end":{"line":9,"column":4}},"1":{"start":{"line":12,"column":15},"end":{"line":28,"column":2}}},"fnMap":{"0":{"name":"AppButton","decl":{"start":{"line":4,"column":24},"end":{"line":4,"column":33}},"loc":{"start":{"line":4,"column":54},"end":{"line":10,"column":1}},"line":4}},"branchMap":{},"s":{"0":0,"1":1},"f":{"0":0},"b":{},"_coverageSchema":"1a1c01bbd47fc00a2c39e90264f33305004495a9","hash":"74577d3d489599303eeb044c76db8de393253e22"}
,"/home/steve/projects/MementoNative/src/components/AppHeader.js": {"path":"/home/steve/projects/MementoNative/src/components/AppHeader.js","statementMap":{"0":{"start":{"line":7,"column":4},"end":{"line":14,"column":6}},"1":{"start":{"line":18,"column":15},"end":{"line":39,"column":2}}},"fnMap":{"0":{"name":"AppHeader","decl":{"start":{"line":6,"column":24},"end":{"line":6,"column":33}},"loc":{"start":{"line":6,"column":36},"end":{"line":15,"column":3}},"line":6}},"branchMap":{},"s":{"0":2,"1":2},"f":{"0":2},"b":{},"_coverageSchema":"1a1c01bbd47fc00a2c39e90264f33305004495a9","hash":"1ca56b840d799c1584ecaa9ecd2471c4ab1c6fcb"}
,"/home/steve/projects/MementoNative/src/components/AppTextInput.js": {"path":"/home/steve/projects/MementoNative/src/components/AppTextInput.js","statementMap":{"0":{"start":{"line":6,"column":2},"end":{"line":22,"column":4}},"1":{"start":{"line":24,"column":15},"end":{"line":40,"column":2}}},"fnMap":{"0":{"name":"AppTextInput","decl":{"start":{"line":5,"column":24},"end":{"line":5,"column":36}},"loc":{"start":{"line":5,"column":66},"end":{"line":23,"column":1}},"line":5}},"branchMap":{"0":{"loc":{"start":{"line":8,"column":7},"end":{"line":15,"column":7}},"type":"binary-expr","locations":[{"start":{"line":8,"column":7},"end":{"line":8,"column":15}},{"start":{"line":9,"column":8},"end":{"line":14,"column":10}}],"line":8}},"s":{"0":0,"1":1},"f":{"0":0},"b":{"0":[0,0]},"_coverageSchema":"1a1c01bbd47fc00a2c39e90264f33305004495a9","hash":"810382dfeed770fca585d21dcc694ae3ed6a778f"}
,"/home/steve/projects/MementoNative/src/components/ImagePickerComponent.js": {"path":"/home/steve/projects/MementoNative/src/components/ImagePickerComponent.js","statementMap":{"0":{"start":{"line":7,"column":28},"end":{"line":7,"column":42}},"1":{"start":{"line":9,"column":2},"end":{"line":11,"column":9}},"2":{"start":{"line":10,"column":4},"end":{"line":10,"column":21}},"3":{"start":{"line":13,"column":25},"end":{"line":22,"column":3}},"4":{"start":{"line":14,"column":4},"end":{"line":21,"column":5}},"5":{"start":{"line":17,"column":10},"end":{"line":17,"column":65}},"6":{"start":{"line":18,"column":6},"end":{"line":20,"column":7}},"7":{"start":{"line":19,"column":8},"end":{"line":19,"column":75}},"8":{"start":{"line":23,"column":20},"end":{"line":38,"column":3}},"9":{"start":{"line":24,"column":17},"end":{"line":29,"column":6}},"10":{"start":{"line":31,"column":4},"end":{"line":31,"column":24}},"11":{"start":{"line":33,"column":4},"end":{"line":37,"column":5}},"12":{"start":{"line":34,"column":6},"end":{"line":34,"column":27}},"13":{"start":{"line":35,"column":6},"end":{"line":35,"column":26}},"14":{"start":{"line":40,"column":2},"end":{"line":51,"column":4}},"15":{"start":{"line":54,"column":15},"end":{"line":69,"column":2}}},"fnMap":{"0":{"name":"ImagePickerComponent","decl":{"start":{"line":6,"column":24},"end":{"line":6,"column":44}},"loc":{"start":{"line":6,"column":71},"end":{"line":52,"column":1}},"line":6},"1":{"name":"(anonymous_1)","decl":{"start":{"line":9,"column":12},"end":{"line":9,"column":13}},"loc":{"start":{"line":9,"column":18},"end":{"line":11,"column":3}},"line":9},"2":{"name":"(anonymous_2)","decl":{"start":{"line":13,"column":25},"end":{"line":13,"column":26}},"loc":{"start":{"line":13,"column":37},"end":{"line":22,"column":3}},"line":13},"3":{"name":"(anonymous_3)","decl":{"start":{"line":23,"column":20},"end":{"line":23,"column":21}},"loc":{"start":{"line":23,"column":32},"end":{"line":38,"column":3}},"line":23}},"branchMap":{"0":{"loc":{"start":{"line":14,"column":4},"end":{"line":21,"column":5}},"type":"if","locations":[{"start":{"line":14,"column":4},"end":{"line":21,"column":5}},{"start":{"line":14,"column":4},"end":{"line":21,"column":5}}],"line":14},"1":{"loc":{"start":{"line":18,"column":6},"end":{"line":20,"column":7}},"type":"if","locations":[{"start":{"line":18,"column":6},"end":{"line":20,"column":7}},{"start":{"line":18,"column":6},"end":{"line":20,"column":7}}],"line":18},"2":{"loc":{"start":{"line":33,"column":4},"end":{"line":37,"column":5}},"type":"if","locations":[{"start":{"line":33,"column":4},"end":{"line":37,"column":5}},{"start":{"line":33,"column":4},"end":{"line":37,"column":5}}],"line":33},"3":{"loc":{"start":{"line":47,"column":7},"end":{"line":49,"column":7}},"type":"binary-expr","locations":[{"start":{"line":47,"column":7},"end":{"line":47,"column":12}},{"start":{"line":48,"column":8},"end":{"line":48,"column":92}}],"line":47}},"s":{"0":0,"1":0,"2":0,"3":0,"4":0,"5":0,"6":0,"7":0,"8":0,"9":0,"10":0,"11":0,"12":0,"13":0,"14":0,"15":1},"f":{"0":0,"1":0,"2":0,"3":0},"b":{"0":[0,0],"1":[0,0],"2":[0,0],"3":[0,0]},"_coverageSchema":"1a1c01bbd47fc00a2c39e90264f33305004495a9","hash":"2abbe3ad61762a567ac3819663b765939f90a8aa"}
,"/home/steve/projects/MementoNative/src/screens/ConfirmSignUp.js": {"path":"/home/steve/projects/MementoNative/src/screens/ConfirmSignUp.js","statementMap":{"0":{"start":{"line":10,"column":34},"end":{"line":10,"column":46}},"1":{"start":{"line":11,"column":34},"end":{"line":11,"column":46}},"2":{"start":{"line":13,"column":4},"end":{"line":22,"column":5}},"3":{"start":{"line":14,"column":6},"end":{"line":14,"column":51}},"4":{"start":{"line":15,"column":6},"end":{"line":15,"column":37}},"5":{"start":{"line":16,"column":6},"end":{"line":16,"column":36}},"6":{"start":{"line":18,"column":6},"end":{"line":21,"column":8}},"7":{"start":{"line":24,"column":2},"end":{"line":48,"column":4}},"8":{"start":{"line":31,"column":32},"end":{"line":31,"column":49}},"9":{"start":{"line":40,"column":32},"end":{"line":40,"column":49}},"10":{"start":{"line":51,"column":15},"end":{"line":66,"column":2}}},"fnMap":{"0":{"name":"ConfirmSignUp","decl":{"start":{"line":9,"column":24},"end":{"line":9,"column":37}},"loc":{"start":{"line":9,"column":54},"end":{"line":49,"column":1}},"line":9},"1":{"name":"confirmSignUp","decl":{"start":{"line":12,"column":17},"end":{"line":12,"column":30}},"loc":{"start":{"line":12,"column":33},"end":{"line":23,"column":3}},"line":12},"2":{"name":"(anonymous_2)","decl":{"start":{"line":31,"column":24},"end":{"line":31,"column":25}},"loc":{"start":{"line":31,"column":32},"end":{"line":31,"column":49}},"line":31},"3":{"name":"(anonymous_3)","decl":{"start":{"line":40,"column":24},"end":{"line":40,"column":25}},"loc":{"start":{"line":40,"column":32},"end":{"line":40,"column":49}},"line":40}},"branchMap":{},"s":{"0":0,"1":0,"2":0,"3":0,"4":0,"5":0,"6":0,"7":0,"8":0,"9":0,"10":1},"f":{"0":0,"1":0,"2":0,"3":0},"b":{},"_coverageSchema":"1a1c01bbd47fc00a2c39e90264f33305004495a9","hash":"8398480335a51e716de563aee9e2a278a4d74e76"}
,"/home/steve/projects/MementoNative/src/screens/CreateMemento.js": {"path":"/home/steve/projects/MementoNative/src/screens/CreateMemento.js","statementMap":{"0":{"start":{"line":14,"column":22},"end":{"line":98,"column":1}},"1":{"start":{"line":15,"column":42},"end":{"line":15,"column":54}},"2":{"start":{"line":16,"column":54},"end":{"line":16,"column":66}},"3":{"start":{"line":17,"column":32},"end":{"line":17,"column":44}},"4":{"start":{"line":19,"column":22},"end":{"line":21,"column":3}},"5":{"start":{"line":20,"column":4},"end":{"line":20,"column":26}},"6":{"start":{"line":22,"column":28},"end":{"line":24,"column":3}},"7":{"start":{"line":23,"column":4},"end":{"line":23,"column":32}},"8":{"start":{"line":26,"column":28},"end":{"line":38,"column":3}},"9":{"start":{"line":27,"column":4},"end":{"line":27,"column":22}},"10":{"start":{"line":28,"column":4},"end":{"line":28,"column":21}},"11":{"start":{"line":40,"column":23},"end":{"line":63,"column":3}},"12":{"start":{"line":41,"column":16},"end":{"line":41,"column":28}},"13":{"start":{"line":42,"column":22},"end":{"line":42,"column":40}},"14":{"start":{"line":43,"column":23},"end":{"line":43,"column":30}},"15":{"start":{"line":44,"column":4},"end":{"line":44,"column":30}},"16":{"start":{"line":45,"column":18},"end":{"line":45,"column":54}},"17":{"start":{"line":46,"column":4},"end":{"line":62,"column":5}},"18":{"start":{"line":51,"column":6},"end":{"line":59,"column":7}},"19":{"start":{"line":52,"column":8},"end":{"line":54,"column":10}},"20":{"start":{"line":55,"column":8},"end":{"line":55,"column":59}},"21":{"start":{"line":56,"column":8},"end":{"line":56,"column":36}},"22":{"start":{"line":58,"column":8},"end":{"line":58,"column":53}},"23":{"start":{"line":61,"column":6},"end":{"line":61,"column":46}},"24":{"start":{"line":65,"column":2},"end":{"line":97,"column":4}},"25":{"start":{"line":92,"column":23},"end":{"line":92,"column":78}},"26":{"start":{"line":102,"column":15},"end":{"line":126,"column":2}}},"fnMap":{"0":{"name":"(anonymous_0)","decl":{"start":{"line":14,"column":22},"end":{"line":14,"column":23}},"loc":{"start":{"line":14,"column":42},"end":{"line":98,"column":1}},"line":14},"1":{"name":"(anonymous_1)","decl":{"start":{"line":19,"column":22},"end":{"line":19,"column":23}},"loc":{"start":{"line":19,"column":32},"end":{"line":21,"column":3}},"line":19},"2":{"name":"(anonymous_2)","decl":{"start":{"line":22,"column":28},"end":{"line":22,"column":29}},"loc":{"start":{"line":22,"column":38},"end":{"line":24,"column":3}},"line":22},"3":{"name":"(anonymous_3)","decl":{"start":{"line":26,"column":28},"end":{"line":26,"column":29}},"loc":{"start":{"line":26,"column":38},"end":{"line":38,"column":3}},"line":26},"4":{"name":"(anonymous_4)","decl":{"start":{"line":40,"column":23},"end":{"line":40,"column":24}},"loc":{"start":{"line":40,"column":76},"end":{"line":63,"column":3}},"line":40},"5":{"name":"(anonymous_5)","decl":{"start":{"line":92,"column":17},"end":{"line":92,"column":18}},"loc":{"start":{"line":92,"column":23},"end":{"line":92,"column":78}},"line":92}},"branchMap":{"0":{"loc":{"start":{"line":46,"column":4},"end":{"line":62,"column":5}},"type":"if","locations":[{"start":{"line":46,"column":4},"end":{"line":62,"column":5}},{"start":{"line":46,"column":4},"end":{"line":62,"column":5}}],"line":46},"1":{"loc":{"start":{"line":47,"column":6},"end":{"line":49,"column":32}},"type":"binary-expr","locations":[{"start":{"line":47,"column":6},"end":{"line":47,"column":24}},{"start":{"line":48,"column":6},"end":{"line":48,"column":30}},{"start":{"line":49,"column":6},"end":{"line":49,"column":32}}],"line":47}},"s":{"0":1,"1":0,"2":0,"3":0,"4":0,"5":0,"6":0,"7":0,"8":0,"9":0,"10":0,"11":0,"12":0,"13":0,"14":0,"15":0,"16":0,"17":0,"18":0,"19":0,"20":0,"21":0,"22":0,"23":0,"24":0,"25":0,"26":1},"f":{"0":0,"1":0,"2":0,"3":0,"4":0,"5":0},"b":{"0":[0,0],"1":[0,0,0]},"_coverageSchema":"1a1c01bbd47fc00a2c39e90264f33305004495a9","hash":"2cb8517433b38730788b18a9e5003c87e89f130a"}
,"/home/steve/projects/MementoNative/src/screens/Home.js": {"path":"/home/steve/projects/MementoNative/src/screens/Home.js","statementMap":{"0":{"start":{"line":18,"column":13},"end":{"line":26,"column":1}},"1":{"start":{"line":19,"column":2},"end":{"line":25,"column":9}},"2":{"start":{"line":28,"column":26},"end":{"line":28,"column":50}},"3":{"start":{"line":32,"column":42},"end":{"line":32,"column":54}},"4":{"start":{"line":34,"column":2},"end":{"line":36,"column":9}},"5":{"start":{"line":35,"column":4},"end":{"line":35,"column":18}},"6":{"start":{"line":38,"column":22},"end":{"line":41,"column":3}},"7":{"start":{"line":39,"column":19},"end":{"line":39,"column":54}},"8":{"start":{"line":40,"column":4},"end":{"line":40,"column":28}},"9":{"start":{"line":44,"column":23},"end":{"line":46,"column":3}},"10":{"start":{"line":45,"column":4},"end":{"line":45,"column":49}},"11":{"start":{"line":48,"column":21},"end":{"line":50,"column":3}},"12":{"start":{"line":49,"column":4},"end":{"line":49,"column":67}},"13":{"start":{"line":49,"column":44},"end":{"line":49,"column":62}},"14":{"start":{"line":53,"column":4},"end":{"line":58,"column":5}},"15":{"start":{"line":54,"column":6},"end":{"line":54,"column":27}},"16":{"start":{"line":55,"column":6},"end":{"line":55,"column":35}},"17":{"start":{"line":57,"column":6},"end":{"line":57,"column":48}},"18":{"start":{"line":61,"column":2},"end":{"line":91,"column":4}},"19":{"start":{"line":72,"column":36},"end":{"line":72,"column":43}},"20":{"start":{"line":81,"column":25},"end":{"line":81,"column":61}},"21":{"start":{"line":93,"column":15},"end":{"line":163,"column":2}}},"fnMap":{"0":{"name":"(anonymous_0)","decl":{"start":{"line":18,"column":13},"end":{"line":18,"column":14}},"loc":{"start":{"line":19,"column":2},"end":{"line":25,"column":9}},"line":19},"1":{"name":"Home","decl":{"start":{"line":30,"column":24},"end":{"line":30,"column":28}},"loc":{"start":{"line":30,"column":62},"end":{"line":92,"column":1}},"line":30},"2":{"name":"(anonymous_2)","decl":{"start":{"line":34,"column":12},"end":{"line":34,"column":13}},"loc":{"start":{"line":34,"column":18},"end":{"line":36,"column":3}},"line":34},"3":{"name":"(anonymous_3)","decl":{"start":{"line":38,"column":22},"end":{"line":38,"column":23}},"loc":{"start":{"line":38,"column":34},"end":{"line":41,"column":3}},"line":38},"4":{"name":"(anonymous_4)","decl":{"start":{"line":44,"column":23},"end":{"line":44,"column":24}},"loc":{"start":{"line":44,"column":33},"end":{"line":46,"column":3}},"line":44},"5":{"name":"(anonymous_5)","decl":{"start":{"line":48,"column":21},"end":{"line":48,"column":22}},"loc":{"start":{"line":48,"column":35},"end":{"line":50,"column":3}},"line":48},"6":{"name":"(anonymous_6)","decl":{"start":{"line":49,"column":38},"end":{"line":49,"column":39}},"loc":{"start":{"line":49,"column":44},"end":{"line":49,"column":62}},"line":49},"7":{"name":"signOut","decl":{"start":{"line":52,"column":17},"end":{"line":52,"column":24}},"loc":{"start":{"line":52,"column":27},"end":{"line":59,"column":3}},"line":52},"8":{"name":"(anonymous_8)","decl":{"start":{"line":72,"column":26},"end":{"line":72,"column":27}},"loc":{"start":{"line":72,"column":36},"end":{"line":72,"column":43}},"line":72},"9":{"name":"(anonymous_9)","decl":{"start":{"line":81,"column":19},"end":{"line":81,"column":20}},"loc":{"start":{"line":81,"column":25},"end":{"line":81,"column":61}},"line":81}},"branchMap":{},"s":{"0":2,"1":0,"2":2,"3":1,"4":1,"5":0,"6":1,"7":0,"8":0,"9":1,"10":0,"11":1,"12":0,"13":0,"14":0,"15":0,"16":0,"17":0,"18":1,"19":0,"20":0,"21":2},"f":{"0":0,"1":1,"2":0,"3":0,"4":0,"5":0,"6":0,"7":0,"8":0,"9":0},"b":{},"_coverageSchema":"1a1c01bbd47fc00a2c39e90264f33305004495a9","hash":"b6224ecff50a89da6c8d8bb03364626b00c9baf8"}
,"/home/steve/projects/MementoNative/src/screens/MementoDetail.js": {"path":"/home/steve/projects/MementoNative/src/screens/MementoDetail.js","statementMap":{"0":{"start":{"line":7,"column":22},"end":{"line":66,"column":1}},"1":{"start":{"line":8,"column":32},"end":{"line":8,"column":44}},"2":{"start":{"line":9,"column":35},"end":{"line":9,"column":47}},"3":{"start":{"line":11,"column":18},"end":{"line":14,"column":3}},"4":{"start":{"line":12,"column":20},"end":{"line":12,"column":48}},"5":{"start":{"line":13,"column":2},"end":{"line":13,"column":40}},"6":{"start":{"line":16,"column":2},"end":{"line":21,"column":6}},"7":{"start":{"line":17,"column":2},"end":{"line":17,"column":11}},"8":{"start":{"line":18,"column":4},"end":{"line":20,"column":3}},"9":{"start":{"line":19,"column":4},"end":{"line":19,"column":11}},"10":{"start":{"line":22,"column":28},"end":{"line":43,"column":3}},"11":{"start":{"line":23,"column":4},"end":{"line":23,"column":22}},"12":{"start":{"line":24,"column":4},"end":{"line":24,"column":21}},"13":{"start":{"line":25,"column":23},"end":{"line":25,"column":30}},"14":{"start":{"line":26,"column":4},"end":{"line":26,"column":30}},"15":{"start":{"line":27,"column":18},"end":{"line":27,"column":44}},"16":{"start":{"line":28,"column":4},"end":{"line":42,"column":5}},"17":{"start":{"line":31,"column":6},"end":{"line":39,"column":7}},"18":{"start":{"line":32,"column":8},"end":{"line":34,"column":10}},"19":{"start":{"line":35,"column":8},"end":{"line":35,"column":48}},"20":{"start":{"line":36,"column":8},"end":{"line":36,"column":18}},"21":{"start":{"line":38,"column":8},"end":{"line":38,"column":53}},"22":{"start":{"line":41,"column":6},"end":{"line":41,"column":36}},"23":{"start":{"line":54,"column":2},"end":{"line":65,"column":10}},"24":{"start":{"line":70,"column":15},"end":{"line":108,"column":2}}},"fnMap":{"0":{"name":"(anonymous_0)","decl":{"start":{"line":7,"column":22},"end":{"line":7,"column":23}},"loc":{"start":{"line":7,"column":36},"end":{"line":66,"column":1}},"line":7},"1":{"name":"(anonymous_1)","decl":{"start":{"line":11,"column":18},"end":{"line":11,"column":19}},"loc":{"start":{"line":11,"column":29},"end":{"line":14,"column":3}},"line":11},"2":{"name":"(anonymous_2)","decl":{"start":{"line":16,"column":12},"end":{"line":16,"column":13}},"loc":{"start":{"line":16,"column":18},"end":{"line":21,"column":1}},"line":16},"3":{"name":"(anonymous_3)","decl":{"start":{"line":18,"column":11},"end":{"line":18,"column":12}},"loc":{"start":{"line":18,"column":17},"end":{"line":20,"column":3}},"line":18},"4":{"name":"(anonymous_4)","decl":{"start":{"line":22,"column":28},"end":{"line":22,"column":29}},"loc":{"start":{"line":22,"column":44},"end":{"line":43,"column":3}},"line":22}},"branchMap":{"0":{"loc":{"start":{"line":28,"column":4},"end":{"line":42,"column":5}},"type":"if","locations":[{"start":{"line":28,"column":4},"end":{"line":42,"column":5}},{"start":{"line":28,"column":4},"end":{"line":42,"column":5}}],"line":28}},"s":{"0":1,"1":0,"2":0,"3":0,"4":0,"5":0,"6":0,"7":0,"8":0,"9":0,"10":0,"11":0,"12":0,"13":0,"14":0,"15":0,"16":0,"17":0,"18":0,"19":0,"20":0,"21":0,"22":0,"23":0,"24":1},"f":{"0":0,"1":0,"2":0,"3":0,"4":0},"b":{"0":[0,0]},"_coverageSchema":"1a1c01bbd47fc00a2c39e90264f33305004495a9","hash":"9f9ab69f5844c3f51e3e849f77d82b5020a4622e"}
,"/home/steve/projects/MementoNative/src/screens/Onboarding.js": {"path":"/home/steve/projects/MementoNative/src/screens/Onboarding.js","statementMap":{"0":{"start":{"line":18,"column":26},"end":{"line":18,"column":50}},"1":{"start":{"line":22,"column":2},"end":{"line":59,"column":4}},"2":{"start":{"line":47,"column":41},"end":{"line":47,"column":70}},"3":{"start":{"line":52,"column":41},"end":{"line":52,"column":70}},"4":{"start":{"line":63,"column":15},"end":{"line":149,"column":2}}},"fnMap":{"0":{"name":"Onboarding","decl":{"start":{"line":20,"column":9},"end":{"line":20,"column":19}},"loc":{"start":{"line":20,"column":53},"end":{"line":60,"column":1}},"line":20},"1":{"name":"(anonymous_1)","decl":{"start":{"line":47,"column":35},"end":{"line":47,"column":36}},"loc":{"start":{"line":47,"column":41},"end":{"line":47,"column":70}},"line":47},"2":{"name":"(anonymous_2)","decl":{"start":{"line":52,"column":35},"end":{"line":52,"column":36}},"loc":{"start":{"line":52,"column":41},"end":{"line":52,"column":70}},"line":52}},"branchMap":{},"s":{"0":1,"1":1,"2":0,"3":0,"4":1},"f":{"0":1,"1":0,"2":0},"b":{},"_coverageSchema":"1a1c01bbd47fc00a2c39e90264f33305004495a9","hash":"1d8a82e40953dd99e00d36b177942d48c4f7780a"}
,"/home/steve/projects/MementoNative/src/screens/SignIn.js": {"path":"/home/steve/projects/MementoNative/src/screens/SignIn.js","statementMap":{"0":{"start":{"line":10,"column":34},"end":{"line":10,"column":46}},"1":{"start":{"line":11,"column":34},"end":{"line":11,"column":46}},"2":{"start":{"line":13,"column":4},"end":{"line":19,"column":5}},"3":{"start":{"line":14,"column":6},"end":{"line":14,"column":44}},"4":{"start":{"line":15,"column":6},"end":{"line":15,"column":30}},"5":{"start":{"line":16,"column":6},"end":{"line":16,"column":34}},"6":{"start":{"line":18,"column":6},"end":{"line":18,"column":49}},"7":{"start":{"line":21,"column":2},"end":{"line":55,"column":4}},"8":{"start":{"line":28,"column":34},"end":{"line":28,"column":51}},"9":{"start":{"line":37,"column":34},"end":{"line":37,"column":51}},"10":{"start":{"line":47,"column":43},"end":{"line":47,"column":72}},"11":{"start":{"line":58,"column":15},"end":{"line":83,"column":2}}},"fnMap":{"0":{"name":"SignIn","decl":{"start":{"line":9,"column":24},"end":{"line":9,"column":30}},"loc":{"start":{"line":9,"column":64},"end":{"line":56,"column":1}},"line":9},"1":{"name":"signIn","decl":{"start":{"line":12,"column":17},"end":{"line":12,"column":23}},"loc":{"start":{"line":12,"column":26},"end":{"line":20,"column":3}},"line":12},"2":{"name":"(anonymous_2)","decl":{"start":{"line":28,"column":24},"end":{"line":28,"column":25}},"loc":{"start":{"line":28,"column":34},"end":{"line":28,"column":51}},"line":28},"3":{"name":"(anonymous_3)","decl":{"start":{"line":37,"column":24},"end":{"line":37,"column":25}},"loc":{"start":{"line":37,"column":34},"end":{"line":37,"column":51}},"line":37},"4":{"name":"(anonymous_4)","decl":{"start":{"line":47,"column":37},"end":{"line":47,"column":38}},"loc":{"start":{"line":47,"column":43},"end":{"line":47,"column":72}},"line":47}},"branchMap":{},"s":{"0":0,"1":0,"2":0,"3":0,"4":0,"5":0,"6":0,"7":0,"8":0,"9":0,"10":0,"11":1},"f":{"0":0,"1":0,"2":0,"3":0,"4":0},"b":{},"_coverageSchema":"1a1c01bbd47fc00a2c39e90264f33305004495a9","hash":"6abba98748b05ab1dbd32a75333ccd57b9c8fdd5"}
,"/home/steve/projects/MementoNative/src/screens/SignUp.js": {"path":"/home/steve/projects/MementoNative/src/screens/SignUp.js","statementMap":{"0":{"start":{"line":11,"column":34},"end":{"line":11,"column":46}},"1":{"start":{"line":12,"column":34},"end":{"line":12,"column":46}},"2":{"start":{"line":13,"column":28},"end":{"line":13,"column":40}},"3":{"start":{"line":16,"column":4},"end":{"line":22,"column":5}},"4":{"start":{"line":17,"column":6},"end":{"line":17,"column":71}},"5":{"start":{"line":18,"column":6},"end":{"line":18,"column":40}},"6":{"start":{"line":19,"column":6},"end":{"line":19,"column":43}},"7":{"start":{"line":21,"column":6},"end":{"line":21,"column":49}},"8":{"start":{"line":24,"column":2},"end":{"line":67,"column":4}},"9":{"start":{"line":31,"column":34},"end":{"line":31,"column":51}},"10":{"start":{"line":40,"column":34},"end":{"line":40,"column":51}},"11":{"start":{"line":50,"column":34},"end":{"line":50,"column":48}},"12":{"start":{"line":59,"column":43},"end":{"line":59,"column":72}},"13":{"start":{"line":70,"column":15},"end":{"line":95,"column":2}}},"fnMap":{"0":{"name":"SignUp","decl":{"start":{"line":10,"column":24},"end":{"line":10,"column":30}},"loc":{"start":{"line":10,"column":47},"end":{"line":68,"column":1}},"line":10},"1":{"name":"signUp","decl":{"start":{"line":15,"column":17},"end":{"line":15,"column":23}},"loc":{"start":{"line":15,"column":26},"end":{"line":23,"column":3}},"line":15},"2":{"name":"(anonymous_2)","decl":{"start":{"line":31,"column":24},"end":{"line":31,"column":25}},"loc":{"start":{"line":31,"column":34},"end":{"line":31,"column":51}},"line":31},"3":{"name":"(anonymous_3)","decl":{"start":{"line":40,"column":24},"end":{"line":40,"column":25}},"loc":{"start":{"line":40,"column":34},"end":{"line":40,"column":51}},"line":40},"4":{"name":"(anonymous_4)","decl":{"start":{"line":50,"column":24},"end":{"line":50,"column":25}},"loc":{"start":{"line":50,"column":34},"end":{"line":50,"column":48}},"line":50},"5":{"name":"(anonymous_5)","decl":{"start":{"line":59,"column":37},"end":{"line":59,"column":38}},"loc":{"start":{"line":59,"column":43},"end":{"line":59,"column":72}},"line":59}},"branchMap":{},"s":{"0":0,"1":0,"2":0,"3":0,"4":0,"5":0,"6":0,"7":0,"8":0,"9":0,"10":0,"11":0,"12":0,"13":1},"f":{"0":0,"1":0,"2":0,"3":0,"4":0,"5":0},"b":{},"_coverageSchema":"1a1c01bbd47fc00a2c39e90264f33305004495a9","hash":"d789db26007e4a3121357cccffcb0dfe883204e1"}
}
