TN:
SF:App.js
FN:17,App
FN:22,(anonymous_1)
FN:26,(anonymous_2)
FN:34,(anonymous_3)
FN:46,(anonymous_4)
FN:50,(anonymous_5)
FN:55,(anonymous_6)
FN:60,(anonymous_7)
FN:67,(anonymous_8)
FN:75,(anonymous_9)
FN:79,checkAuthState
FN:89,updateAuthState
FNF:12
FNH:1
FNDA:1,App
FNDA:0,(anonymous_1)
FNDA:0,(anonymous_2)
FNDA:0,(anonymous_3)
FNDA:0,(anonymous_4)
FNDA:0,(anonymous_5)
FNDA:0,(anonymous_6)
FNDA:0,(anonymous_7)
FNDA:0,(anonymous_8)
FNDA:0,(anonymous_9)
FNDA:0,checkAuthState
FNDA:0,updateAuthState
DA:15,1
DA:18,1
DA:20,1
DA:21,1
DA:22,1
DA:23,0
DA:27,0
DA:35,0
DA:46,1
DA:47,0
DA:51,0
DA:56,0
DA:61,0
DA:67,1
DA:68,0
DA:75,1
DA:76,0
DA:80,0
DA:81,0
DA:82,0
DA:83,0
DA:85,0
DA:86,0
DA:90,0
DA:92,1
LF:25
LH:9
BRDA:94,0,0,1
BRDA:94,0,1,1
BRDA:95,1,0,1
BRDA:95,1,1,0
BRDA:98,2,0,1
BRDA:98,2,1,0
BRF:6
BRH:4
end_of_record
TN:
SF:aws-exports.js
FNF:0
FNH:0
DA:4,1
LF:1
LH:1
BRF:0
BRH:0
end_of_record
TN:
SF:assets/mementoLogo.png
FNF:0
FNH:0
DA:1,2
LF:1
LH:1
BRF:0
BRH:0
end_of_record
TN:
SF:assets/onboarding1.jpg
FNF:0
FNH:0
DA:1,1
LF:1
LH:1
BRF:0
BRH:0
end_of_record
TN:
SF:assets/onboarding2.jpg
FNF:0
FNH:0
DA:1,1
LF:1
LH:1
BRF:0
BRH:0
end_of_record
TN:
SF:assets/onboarding3.jpg
FNF:0
FNH:0
DA:1,1
LF:1
LH:1
BRF:0
BRH:0
end_of_record
TN:
SF:assets/onboarding4.jpg
FNF:0
FNH:0
DA:1,1
LF:1
LH:1
BRF:0
BRH:0
end_of_record
TN:
SF:graphql/mutations.js
FNF:0
FNH:0
DA:4,1
DA:22,1
DA:40,1
DA:58,1
DA:79,1
DA:100,1
LF:6
LH:6
BRF:0
BRH:0
end_of_record
TN:
SF:models/index.js
FNF:0
FNH:0
DA:7,2
LF:1
LH:1
BRF:0
BRH:0
end_of_record
TN:
SF:models/schema.js
FNF:0
FNH:0
DA:1,2
LF:1
LH:1
BRF:0
BRH:0
end_of_record
TN:
SF:src/components/AppButton.js
FN:4,AppButton
FNF:1
FNH:0
FNDA:0,AppButton
DA:5,0
DA:12,1
LF:2
LH:1
BRF:0
BRH:0
end_of_record
TN:
SF:src/components/AppHeader.js
FN:6,AppHeader
FNF:1
FNH:1
FNDA:2,AppHeader
DA:7,2
DA:18,2
LF:2
LH:2
BRF:0
BRH:0
end_of_record
TN:
SF:src/components/AppTextInput.js
FN:5,AppTextInput
FNF:1
FNH:0
FNDA:0,AppTextInput
DA:6,0
DA:24,1
LF:2
LH:1
BRDA:8,0,0,0
BRDA:8,0,1,0
BRF:2
BRH:0
end_of_record
TN:
SF:src/components/ImagePickerComponent.js
FN:6,ImagePickerComponent
FN:9,(anonymous_1)
FN:13,(anonymous_2)
FN:23,(anonymous_3)
FNF:4
FNH:0
FNDA:0,ImagePickerComponent
FNDA:0,(anonymous_1)
FNDA:0,(anonymous_2)
FNDA:0,(anonymous_3)
DA:7,0
DA:9,0
DA:10,0
DA:13,0
DA:14,0
DA:17,0
DA:18,0
DA:19,0
DA:23,0
DA:24,0
DA:31,0
DA:33,0
DA:34,0
DA:35,0
DA:40,0
DA:54,1
LF:16
LH:1
BRDA:14,0,0,0
BRDA:14,0,1,0
BRDA:18,1,0,0
BRDA:18,1,1,0
BRDA:33,2,0,0
BRDA:33,2,1,0
BRDA:47,3,0,0
BRDA:47,3,1,0
BRF:8
BRH:0
end_of_record
TN:
SF:src/screens/ConfirmSignUp.js
FN:9,ConfirmSignUp
FN:12,confirmSignUp
FN:31,(anonymous_2)
FN:40,(anonymous_3)
FNF:4
FNH:0
FNDA:0,ConfirmSignUp
FNDA:0,confirmSignUp
FNDA:0,(anonymous_2)
FNDA:0,(anonymous_3)
DA:10,0
DA:11,0
DA:13,0
DA:14,0
DA:15,0
DA:16,0
DA:18,0
DA:24,0
DA:31,0
DA:40,0
DA:51,1
LF:11
LH:1
BRF:0
BRH:0
end_of_record
TN:
SF:src/screens/CreateMemento.js
FN:14,(anonymous_0)
FN:19,(anonymous_1)
FN:22,(anonymous_2)
FN:26,(anonymous_3)
FN:40,(anonymous_4)
FN:92,(anonymous_5)
FNF:6
FNH:0
FNDA:0,(anonymous_0)
FNDA:0,(anonymous_1)
FNDA:0,(anonymous_2)
FNDA:0,(anonymous_3)
FNDA:0,(anonymous_4)
FNDA:0,(anonymous_5)
DA:14,1
DA:15,0
DA:16,0
DA:17,0
DA:19,0
DA:20,0
DA:22,0
DA:23,0
DA:26,0
DA:27,0
DA:28,0
DA:40,0
DA:41,0
DA:42,0
DA:43,0
DA:44,0
DA:45,0
DA:46,0
DA:51,0
DA:52,0
DA:55,0
DA:56,0
DA:58,0
DA:61,0
DA:65,0
DA:92,0
DA:102,1
LF:27
LH:2
BRDA:46,0,0,0
BRDA:46,0,1,0
BRDA:47,1,0,0
BRDA:47,1,1,0
BRDA:47,1,2,0
BRF:5
BRH:0
end_of_record
TN:
SF:src/screens/Home.js
FN:18,(anonymous_0)
FN:30,Home
FN:34,(anonymous_2)
FN:38,(anonymous_3)
FN:44,(anonymous_4)
FN:48,(anonymous_5)
FN:49,(anonymous_6)
FN:52,signOut
FN:72,(anonymous_8)
FN:81,(anonymous_9)
FNF:10
FNH:1
FNDA:0,(anonymous_0)
FNDA:1,Home
FNDA:0,(anonymous_2)
FNDA:0,(anonymous_3)
FNDA:0,(anonymous_4)
FNDA:0,(anonymous_5)
FNDA:0,(anonymous_6)
FNDA:0,signOut
FNDA:0,(anonymous_8)
FNDA:0,(anonymous_9)
DA:18,2
DA:19,0
DA:28,2
DA:32,1
DA:34,1
DA:35,0
DA:38,1
DA:39,0
DA:40,0
DA:44,1
DA:45,0
DA:48,1
DA:49,0
DA:53,0
DA:54,0
DA:55,0
DA:57,0
DA:61,1
DA:72,0
DA:81,0
DA:93,2
LF:21
LH:9
BRF:0
BRH:0
end_of_record
TN:
SF:src/screens/MementoDetail.js
FN:7,(anonymous_0)
FN:11,(anonymous_1)
FN:16,(anonymous_2)
FN:18,(anonymous_3)
FN:22,(anonymous_4)
FNF:5
FNH:0
FNDA:0,(anonymous_0)
FNDA:0,(anonymous_1)
FNDA:0,(anonymous_2)
FNDA:0,(anonymous_3)
FNDA:0,(anonymous_4)
DA:7,1
DA:8,0
DA:9,0
DA:11,0
DA:12,0
DA:13,0
DA:16,0
DA:17,0
DA:18,0
DA:19,0
DA:22,0
DA:23,0
DA:24,0
DA:25,0
DA:26,0
DA:27,0
DA:28,0
DA:31,0
DA:32,0
DA:35,0
DA:36,0
DA:38,0
DA:41,0
DA:54,0
DA:70,1
LF:25
LH:2
BRDA:28,0,0,0
BRDA:28,0,1,0
BRF:2
BRH:0
end_of_record
TN:
SF:src/screens/Onboarding.js
FN:20,Onboarding
FN:47,(anonymous_1)
FN:52,(anonymous_2)
FNF:3
FNH:1
FNDA:1,Onboarding
FNDA:0,(anonymous_1)
FNDA:0,(anonymous_2)
DA:18,1
DA:22,1
DA:47,0
DA:52,0
DA:63,1
LF:5
LH:3
BRF:0
BRH:0
end_of_record
TN:
SF:src/screens/SignIn.js
FN:9,SignIn
FN:12,signIn
FN:28,(anonymous_2)
FN:37,(anonymous_3)
FN:47,(anonymous_4)
FNF:5
FNH:0
FNDA:0,SignIn
FNDA:0,signIn
FNDA:0,(anonymous_2)
FNDA:0,(anonymous_3)
FNDA:0,(anonymous_4)
DA:10,0
DA:11,0
DA:13,0
DA:14,0
DA:15,0
DA:16,0
DA:18,0
DA:21,0
DA:28,0
DA:37,0
DA:47,0
DA:58,1
LF:12
LH:1
BRF:0
BRH:0
end_of_record
TN:
SF:src/screens/SignUp.js
FN:10,SignUp
FN:15,signUp
FN:31,(anonymous_2)
FN:40,(anonymous_3)
FN:50,(anonymous_4)
FN:59,(anonymous_5)
FNF:6
FNH:0
FNDA:0,SignUp
FNDA:0,signUp
FNDA:0,(anonymous_2)
FNDA:0,(anonymous_3)
FNDA:0,(anonymous_4)
FNDA:0,(anonymous_5)
DA:11,0
DA:12,0
DA:13,0
DA:16,0
DA:17,0
DA:18,0
DA:19,0
DA:21,0
DA:24,0
DA:31,0
DA:40,0
DA:50,0
DA:59,0
DA:70,1
LF:14
LH:1
BRF:0
BRH:0
end_of_record
